 00 00 00 01 00 00 0a 09 01 64 01 00 00 00 02 02 90 0f 00 00 00 02 02 90 00 00 00 00 0a 0c 00 2e 03 70 02 fe 01 03 70 02 fe 07 03 70 02 fe 0d 03 70 02 fe 13 03 70 02 fe 19 03 70 02 fe 1f 03 70
 02 fe 25 03 70 02 fe 2b 09 ff d8 01 00 00 00 02 03 70 02 fe 29 03 70 02 fe 2f 03 70 02 fe 35 03 70 02 fe 3b 03 70 02 fe 41 03 70 02 fe 47 03 70 02 fe 4d 09 ff dd 02 90 00 00 00 47 01 10 40 01
 02 90 00 00 00 52 01 10 40 01 02 90 00 00 00 4f 01 10 40 01 02 90 00 00 00 53 01 10 40 01 02 90 00 00 00 20 01 10 40 01 02 90 00 00 00 53 01 10 40 01 02 90 00 00 00 41 01 10 40 01 02 90 00 00
 00 43 01 10 40 01 02 90 00 00 00 20 01 10 40 01 02 90 00 00 00 47 01 10 40 01 02 90 00 00 00 52 01 10 40 01 02 90 00 00 00 4f 01 10 40 01 02 90 00 00 00 53 01 10 40 01 02 90 00 00 00 20 01 10
 40 01 02 90 00 00 00 53 01 10 40 01 02 90 00 00 00 41 01 10 40 01 02 90 00 00 00 43 01 10 40 01 02 90 00 00 00 20 01 10 40 01 0f 00 00 0f 00 00 0f 00 00 0f 00 00 0f 00 00 0f 00 00 0f 00 00 0f
 00 00 0f 00 00 0f 00 00 0f 00 00 0f 00 00 0f 00 00 0f 00 00 0f 00 00 0f 00 00 0f 00 00 0f 00 00 0f 00 00 0f 00 00 01 00 00 00 02 00 00 00 00 95 03 70 10 ff fb 03 70 01 00 8f 03 70 10 ff fb 0c
 fe 8b 01 00 00 00 02 0c 00 9a 01 00 00 00 02 0c ff fb 01 00 00 00 02 0c 00 0b 07 64 02 00 00 00 20 02 01 00 00 00 02 0c 00 0b 07 64 02 00 00 00 10 02 01 00 00 00 02 0c 00 0b 07 64 02 00 00 00
 08 02 01 00 00 00 02 0c 00 0b 07 64 02 00 00 00 04 02 0a 94 00 0d 02 10 02 90 00 00 00 00 0f 0b 64 10 00 40 02 0b 64 10 00 7a 02 0b 64 10 00 b4 02 0b 64 10 00 ee 02 0b 64 10 01 28 02 0b 64 10
 01 62 02 01 00 00 00 01 01 00 00 00 02 0b 64 10 01 92 02 0b 64 10 01 c0 02 09 01 ba 01 00 00 00 02 01 00 00 00 02 02 90 00 00 01 fb 06 02 90 00 00 00 08 08 02 90 00 00 00 8b 0a 0c 00 35 01 00
 00 00 02 02 90 00 00 00 04 02 02 90 06 09 01 f6 03 02 90 06 09 01 f6 05 02 90 0a 09 00 87 07 02 90 00 04 00 00 09 02 90 00 00 00 00 10 09 00 35 01 00 00 00 02 02 90 00 00 00 00 02 02 90 0b 54
 05 02 03 02 90 0b 54 07 02 05 02 90 0b 54 09 02 07 02 90 08 03 70 09 09 02 90 00 00 00 00 10 09 00 03 0b 54 03 02 06 09 01 f6 00 00 00 00 00 00 00 00 00 00 00 00 00 00 00 00 00 00 00 00 00 00
 00 00 00 00 00 00 00 00 00 00 00 00 00 00 00 00 00 00 00 00 00 00 00 00 00 00 00 00 00 00 00 00 00 00 00 00 00 00 00 00 00 00 00 00 00 00 00 00 00 00 00 00 00 00 00 00 00 00 00 00 00 00 00 00
 00 00 00 00 00 00 00 00 00 00 00 00 00 00 00 00 00 00 00 00 00 00 00 00 00 00 00 00 00 00 00 00 00 00 00 00 00 00 00 00 00 00 00 00 00 00 00 00 00 00 00 00 00 00 00 00 00 00 00 00 00 00 00 00
 00 00 00 00 00 00 00 00 00 00 00 00 00 00 00 00 00 00 00 00 00 00 00 00 00 00 00 00 00 00 00 00 00 00 00 00 00 00 00 00 00 00 00 00 00 00 00 00 00 00 00 00 00 00 00 00 00 00 00 00 00 00 00 00
 00 00 00 00 00 00 00 00 00 00 00 00 00 00 00 00 00 00 00 00 00 00 00 00 00 00 00 00 00 00 00 00 00 00 00 00 00 00 00 00 00 00 00 00 00 00 00 00 00 00 00 00 00 00 00 00 00 00 00 00 00 00 00 00
 00 00 00 00 00 00 00 00 00 00 00 00 00 00 00 00 00 00 00 00 00 00 00 00 00 00 00 00 00 00 00 00 00 00 00 00 00 00 00 00 00 00 00 00 00 00 00 00 00 00 00 00 00 00 00 00 00 00 00 00 00 00 00 00
 00 00 00 00 00 00 00 00 00 00 00 00 00 00 00 00 00 00 00 00 00 00 00 00 00 00 00 00 00 00 00 00 00 00 00 00 00 00 00 00 00 00 00 00 00 00 00 00 00 00 00 00 00 00 00 00 00 00 00 00 00 00 00 00
 00 00 00 00 00 00 00 00 00 00 00 00 00 00 00 00 00 00 00 00 00 00 00 00 00 00 00 00 00 00 00 00 00 00 00 00 00 00 00 00 00 00 00 00 00 00 00 00 00 00 00 00 00 00 00 00 00 00 00 00 00 00 00 00
 00 00 00 00 00 00 00 00 00 00 00 00 00 00 00 00 00 00 00 00 00 00 00 00 00 00 00 00 00 00 00 00 00 00 00 00 00 00 00 00 00 00 00 00 00 00 00 00 00 00 00 00 00 00 00 00 00 00 00 00 00 00 00 00
 00 00 00 00 00 00 00 00 00 00 00 00 00 00 00 00 00 00 00 00 00 00 00 00 00 00 00 00 00 00 00 00 00 00 00 00 00 00 00 00 00 00 00 00 00 00 00 00 00 00 00 00 00 00 00 00 00 00 00 00 00 00 00 00
 00 00 00 00 00 00 00 00 00 00 00 00 00 00 00 00 00 00 00 00 00 00 00 00 00 00 00 00 00 00 00 00 00 00 00 00 00 00 00 00 00 00 00 00 00 00 00 00 00 00 00 00 00 00 00 00 00 00 00 00 00 00 00 00
 00 00 00 00 00 00 00 00 00 00 00 00 00 00 00 00 00 00 00 00 00 00 00 00 02 00 00 0a 09 01 64 01 00 00 00 02 02 90 0f 00 00 00 02 02 90 00 00 00 00 0a 0c 00 2e 03 70 02 fe 01 03 70 02 fe 07 03
 70 02 fe 0d 03 70 02 fe 13 03 70 02 fe 19 03 70 02 fe 1f 03 70 02 fe 25 03 70 02 fe 2b 09 ff d8 01 00 00 00 02 03 70 02 fe 29 03 70 02 fe 2f 03 70 02 fe 35 03 70 02 fe 3b 03 70 02 fe 41 03 70
 02 fe 47 03 70 02 fe 4d 09 ff dd 02 90 00 00 00 47 01 10 40 01 02 90 00 00 00 52 01 10 40 01 02 90 00 00 00 4f 01 10 40 01 02 90 00 00 00 53 01 10 40 01 02 90 00 00 00 20 01 10 40 01 02 90 00
 00 00 53 01 10 40 01 02 90 00 00 00 41 01 10 40 01 02 90 00 00 00 43 01 10 40 01 02 90 00 00 00 20 01 10 40 01 02 90 00 00 00 47 01 10 40 01 02 90 00 00 00 52 01 10 40 01 02 90 00 00 00 4f 01
 10 40 01 02 90 00 00 00 53 01 10 40 01 02 90 00 00 00 20 01 10 40 01 02 90 00 00 00 53 01 10 40 01 02 90 00 00 00 41 01 10 40 01 02 90 00 00 00 43 01 10 40 01 02 90 00 00 00 20 01 10 40 01 0f
 00 00 0f 00 00 0f 00 00 0f 00 00 0f 00 00 0f 00 00 0f 00 00 0f 00 00 0f 00 00 0f 00 00 0f 00 00 0f 00 00 0f 00 00 0f 00 00 0f 00 00 0f 00 00 0f 00 00 0f 00 00 0f 00 00 0f 00 00 01 00 00 00 02
 00 00 00 00 95 03 70 10 ff fb 03 70 01 00 8f 03 70 10 ff fb 0c fe 8b 01 00 00 00 02 0c 00 9a 01 00 00 00 02 0c ff fb 01 00 00 00 02 0c 00 0b 07 64 02 00 00 00 20 02 01 00 00 00 02 0c 00 0b 07
 64 02 00 00 00 10 02 01 00 00 00 02 0c 00 0b 07 64 02 00 00 00 08 02 01 00 00 00 02 0c 00 0b 07 64 02 00 00 00 04 02 0a 94 00 0d 02 10 02 90 00 00 00 00 0f 0b 64 10 00 40 02 0b 64 10 00 7a 02
 0b 64 10 00 b4 02 0b 64 10 00 ee 02 0b 64 10 01 28 02 0b 64 10 01 62 02 01 00 00 00 02 01 00 00 00 02 0b 64 10 01 92 02 0b 64 10 01 c0 02 09 01 ba 01 00 00 00 02 01 00 00 00 02 02 90 00 00 01
 fb 06 02 90 00 00 00 08 08 02 90 00 00 00 8b 0a 0c 00 35 01 00 00 00 02 02 90 00 00 00 04 02 02 90 06 09 01 f6 03 02 90 06 09 01 f6 05 02 90 0a 09 00 87 07 02 90 00 04 00 00 09 02 90 00 00 00
 00 10 09 00 35 01 00 00 00 02 02 90 00 00 00 00 02 02 90 0b 54 05 02 03 02 90 0b 54 07 02 05 02 90 0b 54 09 02 07 02 90 08 03 70 09 09 02 90 00 00 00 00 10 09 00 03 0b 54 03 02 06 09 01 f6 00
 00 00 00 00 00 00 00 00 00 00 00 00 00 00 00 00 00 00 00 00 00 00 00 00 00 00 00 00 00 00 00 00 00 00 00 00 00 00 00 00 00 00 00 00 00 00 00 00 00 00 00 00 00 00 00 00 00 00 00 00 00 00 00 00
 00 00 00 00 00 00 00 00 00 00 00 00 00 00 00 00 00 00 00 00 00 00 00 00 00 00 00 00 00 00 00 00 00 00 00 00 00 00 00 00 00 00 00 00 00 00 00 00 00 00 00 00 00 00 00 00 00 00 00 00 00 00 00 00
 00 00 00 00 00 00 00 00 00 00 00 00 00 00 00 00 00 00 00 00 00 00 00 00 00 00 00 00 00 00 00 00 00 00 00 00 00 00 00 00 00 00 00 00 00 00 00 00 00 00 00 00 00 00 00 00 00 00 00 00 00 00 00 00
 00 00 00 00 00 00 00 00 00 00 00 00 00 00 00 00 00 00 00 00 00 00 00 00 00 00 00 00 00 00 00 00 00 00 00 00 00 00 00 00 00 00 00 00 00 00 00 00 00 00 00 00 00 00 00 00 00 00 00 00 00 00 00 00
 00 00 00 00 00 00 00 00 00 00 00 00 00 00 00 00 00 00 00 00 00 00 00 00 00 00 00 00 00 00 00 00 00 00 00 00 00 00 00 00 00 00 00 00 00 00 00 00 00 00 00 00 00 00 00 00 00 00 00 00 00 00 00 00
 00 00 00 00 00 00 00 00 00 00 00 00 00 00 00 00 00 00 00 00 00 00 00 00 00 00 00 00 00 00 00 00 00 00 00 00 00 00 00 00 00 00 00 00 00 00 00 00 00 00 00 00 00 00 00 00 00 00 00 00 00 00 00 00
 00 00 00 00 00 00 00 00 00 00 00 00 00 00 00 00 00 00 00 00 00 00 00 00 00 00 00 00 00 00 00 00 00 00 00 00 00 00 00 00 00 00 00 00 00 00 00 00 00 00 00 00 00 00 00 00 00 00 00 00 00 00 00 00
 00 00 00 00 00 00 00 00 00 00 00 00 00 00 00 00 00 00 00 00 00 00 00 00 00 00 00 00 00 00 00 00 00 00 00 00 00 00 00 00 00 00 00 00 00 00 00 00 00 00 00 00 00 00 00 00 00 00 00 00 00 00 00 00
 00 00 00 00 00 00 00 00 00 00 00 00 00 00 00 00 00 00 00 00 00 00 00 00 00 00 00 00 00 00 00 00 00 00 00 00 00 00 00 00 00 00 00 00 00 00 00 00 00 00 00 00 00 00 00 00 00 00 00 00 00 00 00 00
 00 00 00 00 00 00 00 00 00 00 00 00 00 00 00 00 00 00 00 00 00 00 00 00 00 00 00 00 00 00 00 00 00 00 00 00 00 00 00 00 00 00 00 00 00 00 00 00 00 00 00 00 00 00 00 00 00 00 00 00 00 00 00 00
 00 00 00 00 00 00 00 00 00 00 00 00 00 00 00 00 00 00 00 00 00 00 00 00 00 00 00 00 00 00 00 00 00 00 00 00 00 00 00 00 00 00 00 00 00 03 00 00 0a 09 01 64 01 00 00 00 02 02 90 0f 00 00 00 02
 02 90 00 00 00 00 0a 0c 00 2e 03 70 02 fe 01 03 70 02 fe 07 03 70 02 fe 0d 03 70 02 fe 13 03 70 02 fe 19 03 70 02 fe 1f 03 70 02 fe 25 03 70 02 fe 2b 09 ff d8 01 00 00 00 02 03 70 02 fe 29 03
 70 02 fe 2f 03 70 02 fe 35 03 70 02 fe 3b 03 70 02 fe 41 03 70 02 fe 47 03 70 02 fe 4d 09 ff dd 02 90 00 00 00 47 01 10 40 01 02 90 00 00 00 52 01 10 40 01 02 90 00 00 00 4f 01 10 40 01 02 90
 00 00 00 53 01 10 40 01 02 90 00 00 00 20 01 10 40 01 02 90 00 00 00 53 01 10 40 01 02 90 00 00 00 41 01 10 40 01 02 90 00 00 00 43 01 10 40 01 02 90 00 00 00 20 01 10 40 01 02 90 00 00 00 47
 01 10 40 01 02 90 00 00 00 52 01 10 40 01 02 90 00 00 00 4f 01 10 40 01 02 90 00 00 00 53 01 10 40 01 02 90 00 00 00 20 01 10 40 01 02 90 00 00 00 53 01 10 40 01 02 90 00 00 00 41 01 10 40 01
 02 90 00 00 00 43 01 10 40 01 02 90 00 00 00 20 01 10 40 01 0f 00 00 0f 00 00 0f 00 00 0f 00 00 0f 00 00 0f 00 00 0f 00 00 0f 00 00 0f 00 00 0f 00 00 0f 00 00 0f 00 00 0f 00 00 0f 00 00 0f 00
 00 0f 00 00 0f 00 00 0f 00 00 0f 00 00 0f 00 00 01 00 00 00 02 00 00 00 00 95 03 70 10 ff fb 03 70 01 00 8f 03 70 10 ff fb 0c fe 8b 01 00 00 00 02 0c 00 9a 01 00 00 00 02 0c ff fb 01 00 00 00
 02 0c 00 0b 07 64 02 00 00 00 20 02 01 00 00 00 02 0c 00 0b 07 64 02 00 00 00 10 02 01 00 00 00 02 0c 00 0b 07 64 02 00 00 00 08 02 01 00 00 00 02 0c 00 0b 07 64 02 00 00 00 04 02 0a 94 00 0d
 02 10 02 90 00 00 00 00 0f 0b 64 10 00 40 02 0b 64 10 00 7a 02 0b 64 10 00 b4 02 0b 64 10 00 ee 02 0b 64 10 01 28 02 0b 64 10 01 62 02 01 00 00 00 03 01 00 00 00 02 0b 64 10 01 92 02 0b 64 10
 01 c0 02 09 01 ba 01 00 00 00 02 01 00 00 00 02 02 90 00 00 01 fb 06 02 90 00 00 00 08 08 02 90 00 00 00 8b 0a 0c 00 35 01 00 00 00 02 02 90 00 00 00 04 02 02 90 06 09 01 f6 03 02 90 06 09 01
 f6 05 02 90 0a 09 00 87 07 02 90 00 04 00 00 09 02 90 00 00 00 00 10 09 00 35 01 00 00 00 02 02 90 00 00 00 00 02 02 90 0b 54 05 02 03 02 90 0b 54 07 02 05 02 90 0b 54 09 02 07 02 90 08 03 70
 09 09 02 90 00 00 00 00 10 09 00 03 0b 54 03 02 06 09 01 f6 00 00 00 00 00 00 00 00 00 00 00 00 00 00 00 00 00 00 00 00 00 00 00 00 00 00 00 00 00 00 00 00 00 00 00 00 00 00 00 00 00 00 00 00
 00 00 00 00 00 00 00 00 00 00 00 00 00 00 00 00 00 00 00 00 00 00 00 00 00 00 00 00 00 00 00 00 00 00 00 00 00 00 00 00 00 00 00 00 00 00 00 00 00 00 00 00 00 00 00 00 00 00 00 00 00 00 00 00
 00 00 00 00 00 00 00 00 00 00 00 00 00 00 00 00 00 00 00 00 00 00 00 00 00 00 00 00 00 00 00 00 00 00 00 00 00 00 00 00 00 00 00 00 00 00 00 00 00 00 00 00 00 00 00 00 00 00 00 00 00 00 00 00
 00 00 00 00 00 00 00 00 00 00 00 00 00 00 00 00 00 00 00 00 00 00 00 00 00 00 00 00 00 00 00 00 00 00 00 00 00 00 00 00 00 00 00 00 00 00 00 00 00 00 00 00 00 00 00 00 00 00 00 00 00 00 00 00
 00 00 00 00 00 00 00 00 00 00 00 00 00 00 00 00 00 00 00 00 00 00 00 00 00 00 00 00 00 00 00 00 00 00 00 00 00 00 00 00 00 00 00 00 00 00 00 00 00 00 00 00 00 00 00 00 00 00 00 00 00 00 00 00
 00 00 00 00 00 00 00 00 00 00 00 00 00 00 00 00 00 00 00 00 00 00 00 00 00 00 00 00 00 00 00 00 00 00 00 00 00 00 00 00 00 00 00 00 00 00 00 00 00 00 00 00 00 00 00 00 00 00 00 00 00 00 00 00
 00 00 00 00 00 00 00 00 00 00 00 00 00 00 00 00 00 00 00 00 00 00 00 00 00 00 00 00 00 00 00 00 00 00 00 00 00 00 00 00 00 00 00 00 00 00 00 00 00 00 00 00 00 00 00 00 00 00 00 00 00 00 00 00
 00 00 00 00 00 00 00 00 00 00 00 00 00 00 00 00 00 00 00 00 00 00 00 00 00 00 00 00 00 00 00 00 00 00 00 00 00 00 00 00 00 00 00 00 00 00 00 00 00 00 00 00 00 00 00 00 00 00 00 00 00 00 00 00
 00 00 00 00 00 00 00 00 00 00 00 00 00 00 00 00 00 00 00 00 00 00 00 00 00 00 00 00 00 00 00 00 00 00 00 00 00 00 00 00 00 00 00 00 00 00 00 00 00 00 00 00 00 00 00 00 00 00 00 00 00 00 00 00
 00 00 00 00 00 00 00 00 00 00 00 00 00 00 00 00 00 00 00 00 00 00 00 00 00 00 00 00 00 00 00 00 00 00 00 00 00 00 00 00 00 00 00 00 00 00 00 00 00 00 00 00 00 00 00 00 00 00 00 00 00 00 00 00
 00 00 00 00 00 00 00 00 00 00 00 00 00 00 00 00 00 00 00 00 00 00 00 00 00 00 00 00 00 00 00 00 00 00 00 00 00 00 00 00 00 00 00 00 00 00 00 00 00 00 00 00 00 00 00 00 00 00 00 00 00 00 00 00
